<?xml version="1.0" encoding="UTF-8"?>
<!-- Generated by org.testng.reporters.JUnitXMLReporter -->
<testsuite hostname="LAPTOP-39B32HH7" ignored="0" name="All Test" tests="3" failures="0" timestamp="02 Dec 2020 16:04:38 GMT" time="43.673" errors="0">
  <testcase name="verifySignInSuccessfullyWithValidCredentials" time="5.858" classname="com.xcart.demostore.testsuite.AllTests"/>
  <testcase name="verifyUserCanRegisterSuccessfully" time="7.222" classname="com.xcart.demostore.testsuite.AllTests"/>
  <testcase name="verifyUserCanSucceffulyNavigateHotDealLink" time="4.232" classname="com.xcart.demostore.testsuite.AllTests"/>
</testsuite> <!-- All Test -->
